{"uuid":"7f7f440a-2f12-4c8d-981a-4e9eb0c12e45","historyId":"2c05d7fd3f531d95aec0a07f7f48509c","fullName":"test.authentication.LoginTest.loginWithInCorrectCreds","labels":[{"name":"package","value":"test.authentication.LoginTest"},{"name":"testClass","value":"test.authentication.LoginTest"},{"name":"testMethod","value":"loginWithInCorrectCreds"},{"name":"parentSuite","value":"Regression"},{"name":"suite","value":"authentication"},{"name":"subSuite","value":"test.authentication.LoginTest"},{"name":"host","value":"ABS-PC-Tester-MaiHT"},{"name":"thread","value":"32500@ABS-PC-Tester-MaiHT.main(1)"},{"name":"framework","value":"testng"},{"name":"language","value":"java"}],"links":[],"name":"Login Test","status":"broken","statusDetails":{"known":false,"muted":false,"flaky":false,"message":"The local appium server has not been started. The given Node.js executable: C:\\Program Files\\nodejs\\node.exe Arguments: [C:\\Users\\ABS-Tester-MaiHT\\AppData\\Roaming\\npm\\node_modules\\appium\\build\\lib\\main.js, --port, 4725, --address, 127.0.0.1, --allow-insecure, chromedriver_autodownload, --base-path, wd/hub] \nProcess output: \u001B[35m[Appium]\u001B[39m Welcome to Appium v1.22.3\r\n\u001B[35m[Appium]\u001B[39m Non-default server args:\r\n\u001B[35m[Appium]\u001B[39m   address: 127.0.0.1\r\n\u001B[35m[Appium]\u001B[39m   port: 4725\r\n\u001B[35m[Appium]\u001B[39m   basePath: wd/hub\r\n\u001B[35m[Appium]\u001B[39m   allowInsecure: {\r\n\u001B[35m[Appium]\u001B[39m     0: chromedriver_autodownload\r\n\u001B[35m[Appium]\u001B[39m   }\r\n\u001B[35m[HTTP]\u001B[39m Could not start REST http interface listener. The requested port may already be in use. Please make sure there is no other instance of this server running already.\r\nFatal Error: listen EADDRINUSE: address already in use 127.0.0.1:4725\n    at Server.setupListenHandle [as _listen2] (node:net:1940:16)\n    at listenInCluster (node:net:1997:12)\n    at node:net:2206:7\n    at processTicksAndRejections (node:internal/process/task_queues:90:21)\n\n","trace":"io.appium.java_client.service.local.AppiumServerHasNotBeenStartedLocallyException: The local appium server has not been started. The given Node.js executable: C:\\Program Files\\nodejs\\node.exe Arguments: [C:\\Users\\ABS-Tester-MaiHT\\AppData\\Roaming\\npm\\node_modules\\appium\\build\\lib\\main.js, --port, 4725, --address, 127.0.0.1, --allow-insecure, chromedriver_autodownload, --base-path, wd/hub] \nProcess output: \u001B[35m[Appium]\u001B[39m Welcome to Appium v1.22.3\r\n\u001B[35m[Appium]\u001B[39m Non-default server args:\r\n\u001B[35m[Appium]\u001B[39m   address: 127.0.0.1\r\n\u001B[35m[Appium]\u001B[39m   port: 4725\r\n\u001B[35m[Appium]\u001B[39m   basePath: wd/hub\r\n\u001B[35m[Appium]\u001B[39m   allowInsecure: {\r\n\u001B[35m[Appium]\u001B[39m     0: chromedriver_autodownload\r\n\u001B[35m[Appium]\u001B[39m   }\r\n\u001B[35m[HTTP]\u001B[39m Could not start REST http interface listener. The requested port may already be in use. Please make sure there is no other instance of this server running already.\r\nFatal Error: listen EADDRINUSE: address already in use 127.0.0.1:4725\n    at Server.setupListenHandle [as _listen2] (node:net:1940:16)\n    at listenInCluster (node:net:1997:12)\n    at node:net:2206:7\n    at processTicksAndRejections (node:internal/process/task_queues:90:21)\n\n\r\n\tat io.appium.java_client.service.local.AppiumDriverLocalService.start(AppiumDriverLocalService.java:168)\r\n\tat driver.DriverFactorEx.initAppiumDriver(DriverFactorEx.java:33)\r\n\tat driver.DriverFactorEx.getAppiumDriver(DriverFactorEx.java:21)\r\n\tat test.BaseTest.getDriver(BaseTest.java:46)\r\n\tat test.authentication.LoginTest.loginWithInCorrectCreds(LoginTest.java:25)\r\n\tat java.base/jdk.internal.reflect.DirectMethodHandleAccessor.invoke(DirectMethodHandleAccessor.java:103)\r\n\tat java.base/java.lang.reflect.Method.invoke(Method.java:580)\r\n\tat org.testng.internal.MethodInvocationHelper.invokeMethod(MethodInvocationHelper.java:133)\r\n\tat org.testng.internal.TestInvoker.invokeMethod(TestInvoker.java:598)\r\n\tat org.testng.internal.TestInvoker.invokeTestMethod(TestInvoker.java:173)\r\n\tat org.testng.internal.MethodRunner.runInSequence(MethodRunner.java:46)\r\n\tat org.testng.internal.TestInvoker$MethodInvocationAgent.invoke(TestInvoker.java:824)\r\n\tat org.testng.internal.TestInvoker.invokeTestMethods(TestInvoker.java:146)\r\n\tat org.testng.internal.TestMethodWorker.invokeTestMethods(TestMethodWorker.java:146)\r\n\tat org.testng.internal.TestMethodWorker.run(TestMethodWorker.java:128)\r\n\tat java.base/java.util.ArrayList.forEach(ArrayList.java:1596)\r\n\tat org.testng.TestRunner.privateRun(TestRunner.java:794)\r\n\tat org.testng.TestRunner.run(TestRunner.java:596)\r\n\tat org.testng.SuiteRunner.runTest(SuiteRunner.java:377)\r\n\tat org.testng.SuiteRunner.runSequentially(SuiteRunner.java:371)\r\n\tat org.testng.SuiteRunner.privateRun(SuiteRunner.java:332)\r\n\tat org.testng.SuiteRunner.run(SuiteRunner.java:276)\r\n\tat org.testng.SuiteRunnerWorker.runSuite(SuiteRunnerWorker.java:53)\r\n\tat org.testng.SuiteRunnerWorker.run(SuiteRunnerWorker.java:96)\r\n\tat org.testng.TestNG.runSuitesSequentially(TestNG.java:1212)\r\n\tat org.testng.TestNG.runSuitesLocally(TestNG.java:1134)\r\n\tat org.testng.TestNG.runSuites(TestNG.java:1063)\r\n\tat org.testng.TestNG.run(TestNG.java:1031)\r\n\tat org.apache.maven.surefire.testng.TestNGExecutor.run(TestNGExecutor.java:284)\r\n\tat org.apache.maven.surefire.testng.TestNGXmlTestSuite.execute(TestNGXmlTestSuite.java:75)\r\n\tat org.apache.maven.surefire.testng.TestNGProvider.invoke(TestNGProvider.java:119)\r\n\tat org.apache.maven.surefire.booter.ForkedBooter.runSuitesInProcess(ForkedBooter.java:428)\r\n\tat org.apache.maven.surefire.booter.ForkedBooter.execute(ForkedBooter.java:162)\r\n\tat org.apache.maven.surefire.booter.ForkedBooter.run(ForkedBooter.java:562)\r\n\tat org.apache.maven.surefire.booter.ForkedBooter.main(ForkedBooter.java:548)\r\nCaused by: org.openqa.selenium.net.UrlChecker$TimeoutException: Timed out waiting for [http://127.0.0.1:4725/wd/hub/status] to be available after 120013 ms\r\n\tat org.openqa.selenium.net.UrlChecker.waitUntilAvailable(UrlChecker.java:100)\r\n\tat io.appium.java_client.service.local.AppiumDriverLocalService.ping(AppiumDriverLocalService.java:133)\r\n\tat io.appium.java_client.service.local.AppiumDriverLocalService.start(AppiumDriverLocalService.java:155)\r\n\t... 34 more\r\nCaused by: java.util.concurrent.TimeoutException\r\n\tat java.base/java.util.concurrent.FutureTask.get(FutureTask.java:204)\r\n\tat com.google.common.util.concurrent.SimpleTimeLimiter.callWithTimeout(SimpleTimeLimiter.java:156)\r\n\tat org.openqa.selenium.net.UrlChecker.waitUntilAvailable(UrlChecker.java:75)\r\n\t... 36 more\r\n"},"stage":"finished","description":"Test login with data driven....","steps":[],"attachments":[],"parameters":[{"name":"arg0","value":"LoginCreds{username='', password='12345678'}"}],"start":1763706889863,"stop":1763707011042}